<?xml version="1.0" encoding="UTF-8"?>
<robot generator="Robot 3.0.4 (Python 3.7.0 on linux)" generated="20191105 17:19:23.992">
<suite id="s1" name="Robot" source="/home/jeleq/Bureau/STC2/test/DevTools/HelloWorld_C_CI/robot">
<suite id="s1-s1" name="Test" source="/home/jeleq/Bureau/STC2/test/DevTools/HelloWorld_C_CI/robot/test.robot">
<test id="s1-s1-t1" name="Test 1">
<kw name="Log" library="BuiltIn">
<doc>Logs the given message with the given level.</doc>
<arguments>
<arg>${HELLO}</arg>
</arguments>
<msg timestamp="20191105 17:19:24.022" level="INFO">"Hello"</msg>
<status status="PASS" starttime="20191105 17:19:24.022" endtime="20191105 17:19:24.022"></status>
</kw>
<status status="PASS" starttime="20191105 17:19:24.022" endtime="20191105 17:19:24.022" critical="yes"></status>
</test>
<status status="PASS" starttime="20191105 17:19:24.012" endtime="20191105 17:19:24.023"></status>
</suite>
<status status="PASS" starttime="20191105 17:19:23.992" endtime="20191105 17:19:24.023"></status>
</suite>
<statistics>
<total>
<stat pass="1" fail="0">Critical Tests</stat>
<stat pass="1" fail="0">All Tests</stat>
</total>
<tag>
</tag>
<suite>
<stat pass="1" fail="0" id="s1" name="Robot">Robot</stat>
<stat pass="1" fail="0" id="s1-s1" name="Test">Robot.Test</stat>
</suite>
</statistics>
<errors>
</errors>
</robot>
