<?xml version="1.0" encoding="UTF-8"?>
<robot generator="Robot 3.0.4 (Python 3.7.0 on linux)" generated="20191107 16:32:51.383">
<suite id="s1" name="Test" source="/home/jeleq/Bureau/STC2/test/DevTools/HelloWorld_C_CI/robot/test.robot">
<test id="s1-t1" name="Test 1">
<kw name="Log" library="BuiltIn">
<doc>Logs the given message with the given level.</doc>
<arguments>
<arg>${HELLO}</arg>
</arguments>
<msg timestamp="20191107 16:32:51.411" level="INFO">"Hello"</msg>
<status status="PASS" starttime="20191107 16:32:51.411" endtime="20191107 16:32:51.411"></status>
</kw>
<status status="PASS" starttime="20191107 16:32:51.411" endtime="20191107 16:32:51.412" critical="yes"></status>
</test>
<test id="s1-t2" name="Test 2">
<kw name="Run Process" library="Process">
<doc>Runs a process and waits for it to complete.</doc>
<arguments>
<arg>../helloworld/helloworld</arg>
</arguments>
<assign>
<var>${result}</var>
</assign>
<msg timestamp="20191107 16:32:51.412" level="INFO">Starting process:
../helloworld/helloworld</msg>
<msg timestamp="20191107 16:32:51.414" level="INFO">Waiting for process to complete.</msg>
<msg timestamp="20191107 16:32:51.415" level="INFO">Process completed.</msg>
<msg timestamp="20191107 16:32:51.415" level="INFO">${result} = &lt;result object with rc 0&gt;</msg>
<status status="PASS" starttime="20191107 16:32:51.412" endtime="20191107 16:32:51.415"></status>
</kw>
<kw name="Should Be Equal As Integers" library="BuiltIn">
<doc>Fails if objects are unequal after converting them to integers.</doc>
<arguments>
<arg>${result.rc}</arg>
<arg>0</arg>
</arguments>
<msg timestamp="20191107 16:32:51.416" level="INFO">Argument types are:
&lt;class 'int'&gt;
&lt;type 'unicode'&gt;</msg>
<status status="PASS" starttime="20191107 16:32:51.415" endtime="20191107 16:32:51.416"></status>
</kw>
<kw name="Should Match" library="BuiltIn">
<doc>Fails unless the given ``string`` matches the given ``pattern``.</doc>
<arguments>
<arg>${result.stdout}</arg>
<arg>1</arg>
</arguments>
<status status="PASS" starttime="20191107 16:32:51.416" endtime="20191107 16:32:51.416"></status>
</kw>
<kw name="Log" library="BuiltIn">
<doc>Logs the given message with the given level.</doc>
<arguments>
<arg>${result.stdout}</arg>
</arguments>
<msg timestamp="20191107 16:32:51.417" level="INFO">1</msg>
<status status="PASS" starttime="20191107 16:32:51.416" endtime="20191107 16:32:51.417"></status>
</kw>
<status status="PASS" starttime="20191107 16:32:51.412" endtime="20191107 16:32:51.417" critical="yes"></status>
</test>
<test id="s1-t3" name="Test 3">
<kw name="Run Process" library="Process">
<doc>Runs a process and waits for it to complete.</doc>
<arguments>
<arg>../helloworld/helloworld</arg>
<arg>test</arg>
<arg>Test</arg>
</arguments>
<assign>
<var>${result}</var>
</assign>
<msg timestamp="20191107 16:32:51.418" level="INFO">Starting process:
../helloworld/helloworld test Test</msg>
<msg timestamp="20191107 16:32:51.420" level="INFO">Waiting for process to complete.</msg>
<msg timestamp="20191107 16:32:51.420" level="INFO">Process completed.</msg>
<msg timestamp="20191107 16:32:51.420" level="INFO">${result} = &lt;result object with rc 0&gt;</msg>
<status status="PASS" starttime="20191107 16:32:51.417" endtime="20191107 16:32:51.420"></status>
</kw>
<kw name="Should Be Equal As Integers" library="BuiltIn">
<doc>Fails if objects are unequal after converting them to integers.</doc>
<arguments>
<arg>${result.rc}</arg>
<arg>0</arg>
</arguments>
<msg timestamp="20191107 16:32:51.421" level="INFO">Argument types are:
&lt;class 'int'&gt;
&lt;type 'unicode'&gt;</msg>
<status status="PASS" starttime="20191107 16:32:51.420" endtime="20191107 16:32:51.421"></status>
</kw>
<kw name="Should Match" library="BuiltIn">
<doc>Fails unless the given ``string`` matches the given ``pattern``.</doc>
<arguments>
<arg>${result.stdout}</arg>
<arg>3</arg>
</arguments>
<status status="PASS" starttime="20191107 16:32:51.421" endtime="20191107 16:32:51.422"></status>
</kw>
<kw name="Log" library="BuiltIn">
<doc>Logs the given message with the given level.</doc>
<arguments>
<arg>${result.stdout}</arg>
</arguments>
<msg timestamp="20191107 16:32:51.422" level="INFO">3</msg>
<status status="PASS" starttime="20191107 16:32:51.422" endtime="20191107 16:32:51.422"></status>
</kw>
<status status="PASS" starttime="20191107 16:32:51.417" endtime="20191107 16:32:51.422" critical="yes"></status>
</test>
<status status="PASS" starttime="20191107 16:32:51.383" endtime="20191107 16:32:51.423"></status>
</suite>
<statistics>
<total>
<stat pass="3" fail="0">Critical Tests</stat>
<stat pass="3" fail="0">All Tests</stat>
</total>
<tag>
</tag>
<suite>
<stat pass="3" fail="0" id="s1" name="Test">Test</stat>
</suite>
</statistics>
<errors>
</errors>
</robot>
